[0mGET / [36m304 [0m11.043 ms - -[0m
[0mGET /stylesheets/style.css [36m304 [0m1.330 ms - -[0m
[0mGET /css/bootstrap.min.css [36m304 [0m1.759 ms - -[0m
[0mGET /js/jquery.min.js [36m304 [0m1.987 ms - -[0m
[0mGET /js/bootstrap.min.js [36m304 [0m1.629 ms - -[0m
[0mGET /bloglist [36m304 [0m1.667 ms - -[0m
[0mGET /stylesheets/style.css [36m304 [0m0.947 ms - -[0m
[0mGET /css/bootstrap.min.css [36m304 [0m1.087 ms - -[0m
[0mGET /js/jquery.min.js [36m304 [0m0.687 ms - -[0m
[0mGET /js/bootstrap.min.js [36m304 [0m0.544 ms - -[0m
[0mGET /blogadd [36m304 [0m1.479 ms - -[0m
[0mGET /stylesheets/style.css [36m304 [0m2.263 ms - -[0m
[0mGET /css/bootstrap.min.css [36m304 [0m1.548 ms - -[0m
[0mGET /js/jquery.min.js [36m304 [0m2.080 ms - -[0m
[0mGET /js/bootstrap.min.js [36m304 [0m0.912 ms - -[0m
[0mGET / [36m304 [0m1.345 ms - -[0m
[0mGET /stylesheets/style.css [36m304 [0m0.936 ms - -[0m
[0mGET /css/bootstrap.min.css [36m304 [0m1.045 ms - -[0m
[0mGET /js/jquery.min.js [36m304 [0m0.598 ms - -[0m
[0mGET /js/bootstrap.min.js [36m304 [0m0.504 ms - -[0m
